Command line:
   ALU_isim_beh.exe
     -simmode  gui
     -simrunnum  0
     -socket  59423

Tue May  4 15:12:17 2021


 Elaboration Time: 0.01 sec

 Current Memory Usage: 202.129 Meg

 Total Signals          : 12
 Total Nets             : 74
 Total Signal Drivers   : 9
 Total Blocks           : 5
 Total Primitive Blocks : 5
 Total Processes        : 9
 Total Traceable Variables  : 15
 Total Scalar Nets and Variables : 575
Total Line Count : 9

 Total Simulation Time: 0.02 sec

 Current Memory Usage: 277.631 Meg

Tue May  4 15:12:30 2021

